<testsuite failures="0" name="src/test/resources/data/features/BookingFlow.feature" skipped="0" tests="1" time="3.953438">
  <testcase classname="src.test.resources.data.features.BookingFlow" name="Setup basic flow" time="3.953438">
    <system-out>Given def getCall = call read('classpath:data/Features/Search.feature') ... passed
* print response .......................................................... passed
* def roomTypeCode = getCall.response.availablity_price[0].room_type_code . passed
* print 'RoomTypeCode code is', roomTypeCode .............................. passed
* def ratePlanCode = getCall.response.availablity_price[0].available_plans[0].rate_plan_code . passed
* print 'RatePlanCode is', ratePlanCode ................................... passed
Then match getCall.response.success == true ............................... passed
And match getCall.response.availablity_price[0].room_type_code == "K1DAA" . passed
And match getCall.response.availablity_price[0].available_plans[0].rate_plan_code == "DAPR" . passed
Then assert getCall.response.availablity_price[0].available_plans[0].total_amount_before_tax&lt;getCall.response.availablity_price[0].available_plans[0].total_amount_after_tax . passed
Given def postCall = call read('classpath:data/Features/Book.feature') .... passed
* print response .......................................................... passed
And match postCall.response.confirmation[0].confirmation_code != null ..... passed
And match postCall.response.confirmation[0].room_type_code == "K1DAA" ..... passed
And match postCall.response.confirmation[0].rate_plan_code == "LPSGO0" .... passed
And match postCall.response.confirmation[0].adults_count == 2 ............. passed
And match postCall.response.confirmation[0].children_count == 0 ........... passed
And match postCall.response.confirmation[0].infants_count == 0 ............ passed</system-out>
  </testcase>
</testsuite>
